1706641962: mosquitto version 2.0.18 starting
1706641962: Config loaded from /mosquitto/config/mosquitto.conf.
1706641962: Opening ipv4 listen socket on port 1883.
1706641962: Opening ipv6 listen socket on port 1883.
1706641962: Opening websockets listen socket on port 9001.
1706641962: mosquitto version 2.0.18 running
1706642000: New connection from 172.21.0.1:56404 on port 1883.
1706642000: New client connected from 172.21.0.1:56404 as mqttx_62cb8071 (p5, c1, k60).
1706686392: mosquitto version 2.0.18 starting
1706686392: Config loaded from /mosquitto/config/mosquitto.conf.
1706686392: Opening ipv4 listen socket on port 1883.
1706686392: Opening ipv6 listen socket on port 1883.
1706686392: Opening websockets listen socket on port 9001.
1706686392: mosquitto version 2.0.18 running
1706688192: Saving in-memory database to /mosquitto/data//mosquitto.db.
1706689993: Saving in-memory database to /mosquitto/data//mosquitto.db.
1706691794: Saving in-memory database to /mosquitto/data//mosquitto.db.
1706693595: Saving in-memory database to /mosquitto/data//mosquitto.db.
1706695397: Saving in-memory database to /mosquitto/data//mosquitto.db.
1706697198: Saving in-memory database to /mosquitto/data//mosquitto.db.
1706698999: Saving in-memory database to /mosquitto/data//mosquitto.db.
1706700799: Saving in-memory database to /mosquitto/data//mosquitto.db.
1706702601: Saving in-memory database to /mosquitto/data//mosquitto.db.
1706704401: Saving in-memory database to /mosquitto/data//mosquitto.db.
1706706202: Saving in-memory database to /mosquitto/data//mosquitto.db.
1706708004: Saving in-memory database to /mosquitto/data//mosquitto.db.
1706709805: Saving in-memory database to /mosquitto/data//mosquitto.db.
1706711605: Saving in-memory database to /mosquitto/data//mosquitto.db.
1706713406: Saving in-memory database to /mosquitto/data//mosquitto.db.
1706715207: Saving in-memory database to /mosquitto/data//mosquitto.db.
1706717892: mosquitto version 2.0.18 starting
1706717892: Config loaded from /mosquitto/config/mosquitto.conf.
1706717892: Opening ipv4 listen socket on port 1883.
1706717892: Opening ipv6 listen socket on port 1883.
1706717892: Opening websockets listen socket on port 9001.
1706717892: mosquitto version 2.0.18 running
1706719693: Saving in-memory database to /mosquitto/data//mosquitto.db.
1706721494: Saving in-memory database to /mosquitto/data//mosquitto.db.
1706723295: Saving in-memory database to /mosquitto/data//mosquitto.db.
1706725096: Saving in-memory database to /mosquitto/data//mosquitto.db.
1706726897: Saving in-memory database to /mosquitto/data//mosquitto.db.
1706728698: Saving in-memory database to /mosquitto/data//mosquitto.db.
1706771463: mosquitto version 2.0.18 starting
1706771463: Config loaded from /mosquitto/config/mosquitto.conf.
1706771463: Opening ipv4 listen socket on port 1883.
1706771463: Opening ipv6 listen socket on port 1883.
1706771463: Opening websockets listen socket on port 9001.
1706771463: mosquitto version 2.0.18 running
1706773264: Saving in-memory database to /mosquitto/data//mosquitto.db.
1706775065: Saving in-memory database to /mosquitto/data//mosquitto.db.
1706776866: Saving in-memory database to /mosquitto/data//mosquitto.db.
1706778667: Saving in-memory database to /mosquitto/data//mosquitto.db.
1706780468: Saving in-memory database to /mosquitto/data//mosquitto.db.
1706782269: Saving in-memory database to /mosquitto/data//mosquitto.db.
1706784070: Saving in-memory database to /mosquitto/data//mosquitto.db.
1706785871: Saving in-memory database to /mosquitto/data//mosquitto.db.
1706787672: Saving in-memory database to /mosquitto/data//mosquitto.db.
1706789473: Saving in-memory database to /mosquitto/data//mosquitto.db.
1706791274: Saving in-memory database to /mosquitto/data//mosquitto.db.
1706793075: Saving in-memory database to /mosquitto/data//mosquitto.db.
1706798380: mosquitto version 2.0.18 starting
1706798380: Config loaded from /mosquitto/config/mosquitto.conf.
1706798380: Opening ipv4 listen socket on port 1883.
1706798380: Opening ipv6 listen socket on port 1883.
1706798380: Opening websockets listen socket on port 9001.
1706798380: mosquitto version 2.0.18 running
1706800180: Saving in-memory database to /mosquitto/data//mosquitto.db.
1706801981: Saving in-memory database to /mosquitto/data//mosquitto.db.
1706803782: Saving in-memory database to /mosquitto/data//mosquitto.db.
1706805583: Saving in-memory database to /mosquitto/data//mosquitto.db.
1706807384: Saving in-memory database to /mosquitto/data//mosquitto.db.
1706809185: Saving in-memory database to /mosquitto/data//mosquitto.db.
1706810986: Saving in-memory database to /mosquitto/data//mosquitto.db.
1706812787: Saving in-memory database to /mosquitto/data//mosquitto.db.
1706814588: Saving in-memory database to /mosquitto/data//mosquitto.db.
1706816389: Saving in-memory database to /mosquitto/data//mosquitto.db.
1706862122: mosquitto version 2.0.18 starting
1706862122: Config loaded from /mosquitto/config/mosquitto.conf.
1706862122: Opening ipv4 listen socket on port 1883.
1706862122: Opening ipv6 listen socket on port 1883.
1706862122: Opening websockets listen socket on port 9001.
1706862122: mosquitto version 2.0.18 running
1706863923: Saving in-memory database to /mosquitto/data//mosquitto.db.
1706865724: Saving in-memory database to /mosquitto/data//mosquitto.db.
1706867525: Saving in-memory database to /mosquitto/data//mosquitto.db.
1706869326: Saving in-memory database to /mosquitto/data//mosquitto.db.
1706871127: Saving in-memory database to /mosquitto/data//mosquitto.db.
1706872928: Saving in-memory database to /mosquitto/data//mosquitto.db.
1706874729: Saving in-memory database to /mosquitto/data//mosquitto.db.
1706876530: Saving in-memory database to /mosquitto/data//mosquitto.db.
1706878331: Saving in-memory database to /mosquitto/data//mosquitto.db.
1706880132: Saving in-memory database to /mosquitto/data//mosquitto.db.
1706881933: Saving in-memory database to /mosquitto/data//mosquitto.db.
1706883734: Saving in-memory database to /mosquitto/data//mosquitto.db.
1706885535: Saving in-memory database to /mosquitto/data//mosquitto.db.
1706887336: Saving in-memory database to /mosquitto/data//mosquitto.db.
1706889137: Saving in-memory database to /mosquitto/data//mosquitto.db.
1706890938: Saving in-memory database to /mosquitto/data//mosquitto.db.
1706892739: Saving in-memory database to /mosquitto/data//mosquitto.db.
1706894540: Saving in-memory database to /mosquitto/data//mosquitto.db.
1706896341: Saving in-memory database to /mosquitto/data//mosquitto.db.
1706899133: mosquitto version 2.0.18 starting
1706899133: Config loaded from /mosquitto/config/mosquitto.conf.
1706899133: Opening ipv4 listen socket on port 1883.
1706899133: Opening ipv6 listen socket on port 1883.
1706899133: Opening websockets listen socket on port 9001.
1706899133: mosquitto version 2.0.18 running
1706900934: Saving in-memory database to /mosquitto/data//mosquitto.db.
1706902735: Saving in-memory database to /mosquitto/data//mosquitto.db.
1706982068: mosquitto version 2.0.18 starting
1706982068: Config loaded from /mosquitto/config/mosquitto.conf.
1706982068: Opening ipv4 listen socket on port 1883.
1706982068: Opening ipv6 listen socket on port 1883.
1706982068: Opening websockets listen socket on port 9001.
1706982068: mosquitto version 2.0.18 running
1706983869: Saving in-memory database to /mosquitto/data//mosquitto.db.
1706985669: Saving in-memory database to /mosquitto/data//mosquitto.db.
1706987470: Saving in-memory database to /mosquitto/data//mosquitto.db.
1706989271: Saving in-memory database to /mosquitto/data//mosquitto.db.
1706991072: Saving in-memory database to /mosquitto/data//mosquitto.db.
1707046896: mosquitto version 2.0.18 starting
1707046896: Config loaded from /mosquitto/config/mosquitto.conf.
1707046896: Opening ipv4 listen socket on port 1883.
1707046896: Opening ipv6 listen socket on port 1883.
1707046896: Opening websockets listen socket on port 9001.
1707046896: mosquitto version 2.0.18 running
1707048696: Saving in-memory database to /mosquitto/data//mosquitto.db.
1707050498: Saving in-memory database to /mosquitto/data//mosquitto.db.
1707068139: mosquitto version 2.0.18 starting
1707068139: Config loaded from /mosquitto/config/mosquitto.conf.
1707068139: Opening ipv4 listen socket on port 1883.
1707068139: Opening ipv6 listen socket on port 1883.
1707068139: Opening websockets listen socket on port 9001.
1707068139: mosquitto version 2.0.18 running
1707069940: Saving in-memory database to /mosquitto/data//mosquitto.db.
1707071741: Saving in-memory database to /mosquitto/data//mosquitto.db.
1707073542: Saving in-memory database to /mosquitto/data//mosquitto.db.
1707116876: mosquitto version 2.0.18 starting
1707116876: Config loaded from /mosquitto/config/mosquitto.conf.
1707116876: Opening ipv4 listen socket on port 1883.
1707116876: Opening ipv6 listen socket on port 1883.
1707116876: Opening websockets listen socket on port 9001.
1707116876: mosquitto version 2.0.18 running
1707118676: Saving in-memory database to /mosquitto/data//mosquitto.db.
1707120477: Saving in-memory database to /mosquitto/data//mosquitto.db.
1707122278: Saving in-memory database to /mosquitto/data//mosquitto.db.
1707124079: Saving in-memory database to /mosquitto/data//mosquitto.db.
1707125880: Saving in-memory database to /mosquitto/data//mosquitto.db.
1707127681: Saving in-memory database to /mosquitto/data//mosquitto.db.
1707129483: Saving in-memory database to /mosquitto/data//mosquitto.db.
1707131283: Saving in-memory database to /mosquitto/data//mosquitto.db.
1707133084: Saving in-memory database to /mosquitto/data//mosquitto.db.
1707134885: Saving in-memory database to /mosquitto/data//mosquitto.db.
1707136686: Saving in-memory database to /mosquitto/data//mosquitto.db.
1707138487: Saving in-memory database to /mosquitto/data//mosquitto.db.
1707140288: Saving in-memory database to /mosquitto/data//mosquitto.db.
1707142089: Saving in-memory database to /mosquitto/data//mosquitto.db.
1707143891: Saving in-memory database to /mosquitto/data//mosquitto.db.
1707145691: Saving in-memory database to /mosquitto/data//mosquitto.db.
1707149849: mosquitto version 2.0.18 starting
1707149849: Config loaded from /mosquitto/config/mosquitto.conf.
1707149849: Opening ipv4 listen socket on port 1883.
1707149849: Opening ipv6 listen socket on port 1883.
1707149849: Opening websockets listen socket on port 9001.
1707149849: mosquitto version 2.0.18 running
1707151650: Saving in-memory database to /mosquitto/data//mosquitto.db.
1707153451: Saving in-memory database to /mosquitto/data//mosquitto.db.
1707153885: mosquitto version 2.0.18 starting
1707153885: Config loaded from /mosquitto/config/mosquitto.conf.
1707153885: Opening ipv4 listen socket on port 1883.
1707153885: Opening ipv6 listen socket on port 1883.
1707153885: Opening websockets listen socket on port 9001.
1707153885: mosquitto version 2.0.18 running
1707155685: Saving in-memory database to /mosquitto/data//mosquitto.db.
1707157486: Saving in-memory database to /mosquitto/data//mosquitto.db.
1707159287: Saving in-memory database to /mosquitto/data//mosquitto.db.
1707204286: mosquitto version 2.0.18 starting
1707204286: Config loaded from /mosquitto/config/mosquitto.conf.
1707204286: Opening ipv4 listen socket on port 1883.
1707204286: Opening ipv6 listen socket on port 1883.
1707204286: Opening websockets listen socket on port 9001.
1707204286: mosquitto version 2.0.18 running
1707206086: Saving in-memory database to /mosquitto/data//mosquitto.db.
1707207887: Saving in-memory database to /mosquitto/data//mosquitto.db.
1707209688: Saving in-memory database to /mosquitto/data//mosquitto.db.
1707211489: Saving in-memory database to /mosquitto/data//mosquitto.db.
1707213290: Saving in-memory database to /mosquitto/data//mosquitto.db.
1707215091: Saving in-memory database to /mosquitto/data//mosquitto.db.
1707216892: Saving in-memory database to /mosquitto/data//mosquitto.db.
1707218693: Saving in-memory database to /mosquitto/data//mosquitto.db.
1707220494: Saving in-memory database to /mosquitto/data//mosquitto.db.
1707222295: Saving in-memory database to /mosquitto/data//mosquitto.db.
1707224096: Saving in-memory database to /mosquitto/data//mosquitto.db.
1707225897: Saving in-memory database to /mosquitto/data//mosquitto.db.
1707227698: Saving in-memory database to /mosquitto/data//mosquitto.db.
1707229499: Saving in-memory database to /mosquitto/data//mosquitto.db.
1707231300: Saving in-memory database to /mosquitto/data//mosquitto.db.
1707233101: Saving in-memory database to /mosquitto/data//mosquitto.db.
1707237072: mosquitto version 2.0.18 starting
1707237072: Config loaded from /mosquitto/config/mosquitto.conf.
1707237072: Opening ipv4 listen socket on port 1883.
1707237072: Opening ipv6 listen socket on port 1883.
1707237072: Opening websockets listen socket on port 9001.
1707237072: mosquitto version 2.0.18 running
1707238873: Saving in-memory database to /mosquitto/data//mosquitto.db.
1707240054: New connection from 172.21.0.1:44348 on port 1883.
1707240054: New client connected from 172.21.0.1:44348 as TemperaturePublisher (p2, c1, k60).
1707240094: New connection from 172.21.0.1:44352 on port 1883.
1707240094: New client connected from 172.21.0.1:44352 as mqttx_62cb8071 (p5, c1, k60).
1707240108: Client mqttx_62cb8071 closed its connection.
1707240283: Client TemperaturePublisher disconnected.
1707240661: New connection from 172.21.0.1:44356 on port 1883.
1707240661: New client connected from 172.21.0.1:44356 as auto-7271FB6B-B348-AB0E-5966-065A65739F68 (p2, c1, k60).
1707240674: Saving in-memory database to /mosquitto/data//mosquitto.db.
1707240715: New connection from 172.21.0.1:44360 on port 1883.
1707240715: New client connected from 172.21.0.1:44360 as TemperaturePublisher (p2, c1, k60).
1707240738: Client auto-7271FB6B-B348-AB0E-5966-065A65739F68 closed its connection.
1707240881: New connection from 172.21.0.1:44364 on port 1883.
1707240881: New client connected from 172.21.0.1:44364 as auto-C3470E7D-1DB7-A40B-45AD-80A82CA57A15 (p2, c1, k60).
1707240892: Client auto-C3470E7D-1DB7-A40B-45AD-80A82CA57A15 closed its connection.
1707241440: New connection from 172.21.0.1:44368 on port 1883.
1707241440: Client TemperaturePublisher already connected, closing old connection.
1707241440: New client connected from 172.21.0.1:44368 as TemperaturePublisher (p2, c1, k60).
1707241441: New connection from 172.21.0.1:44372 on port 1883.
1707241441: New client connected from 172.21.0.1:44372 as auto-0C9B44BB-0D6D-FCE4-9930-852A63AD409C (p2, c1, k60).
1707241467: Client TemperaturePublisher closed its connection.
1707241467: Client auto-0C9B44BB-0D6D-FCE4-9930-852A63AD409C closed its connection.
1707241545: New connection from 172.21.0.1:44376 on port 1883.
1707241545: New client connected from 172.21.0.1:44376 as TemperaturePublisher (p2, c1, k60).
1707241545: New connection from 172.21.0.1:44380 on port 1883.
1707241545: New client connected from 172.21.0.1:44380 as HumiditySensor (p2, c1, k60).
1707241545: New connection from 172.21.0.1:44384 on port 1883.
1707241545: New client connected from 172.21.0.1:44384 as LeafColorSensor (p2, c1, k60).
1707241545: New connection from 172.21.0.1:44388 on port 1883.
1707241545: New client connected from 172.21.0.1:44388 as WaterMotor (p2, c1, k60).
1707241545: New connection from 172.21.0.1:44392 on port 1883.
1707241545: New client connected from 172.21.0.1:44392 as auto-F5538359-CF9A-A964-50B9-8410175447B0 (p2, c1, k60).
1707241576: Client auto-F5538359-CF9A-A964-50B9-8410175447B0 closed its connection.
1707241598: Client WaterMotor closed its connection.
1707241598: Client LeafColorSensor closed its connection.
1707241598: Client HumiditySensor closed its connection.
1707241598: Client TemperaturePublisher closed its connection.
1707241913: New connection from 172.21.0.1:44396 on port 1883.
1707241913: New client connected from 172.21.0.1:44396 as TemperaturePublisher (p2, c1, k60).
1707241913: New connection from 172.21.0.1:44400 on port 1883.
1707241913: New connection from 172.21.0.1:44404 on port 1883.
1707241913: New client connected from 172.21.0.1:44400 as HumiditySensor (p2, c1, k60).
1707241913: New client connected from 172.21.0.1:44404 as LeafColorSensor (p2, c1, k60).
1707241913: New connection from 172.21.0.1:44408 on port 1883.
1707241913: New client connected from 172.21.0.1:44408 as WaterMotor (p2, c1, k60).
1707241913: New connection from 172.21.0.1:44412 on port 1883.
1707241913: New client connected from 172.21.0.1:44412 as auto-95F1103D-E3AC-FD9A-918A-29FD139E12F5 (p2, c1, k60).
1707241948: Client auto-95F1103D-E3AC-FD9A-918A-29FD139E12F5 closed its connection.
1707241955: Client LeafColorSensor closed its connection.
1707241955: Client HumiditySensor closed its connection.
1707241955: Client TemperaturePublisher closed its connection.
1707241955: Client WaterMotor closed its connection.
1707241997: New connection from 172.21.0.1:44416 on port 1883.
1707241997: New client connected from 172.21.0.1:44416 as TemperaturePublisher (p2, c1, k60).
1707241997: New connection from 172.21.0.1:44420 on port 1883.
1707241997: New connection from 172.21.0.1:44424 on port 1883.
1707241997: New client connected from 172.21.0.1:44424 as LeafColorSensor (p2, c1, k60).
1707241997: New connection from 172.21.0.1:44428 on port 1883.
1707241997: New client connected from 172.21.0.1:44428 as WaterMotor (p2, c1, k60).
1707241997: New client connected from 172.21.0.1:44420 as HumiditySensor (p2, c1, k60).
1707242000: New connection from 172.21.0.1:44432 on port 1883.
1707242000: New client connected from 172.21.0.1:44432 as auto-F077E3E8-722A-DD1B-C49A-593FDE5EBF96 (p2, c1, k60).
1707242031: Client auto-F077E3E8-722A-DD1B-C49A-593FDE5EBF96 closed its connection.
1707242033: Client LeafColorSensor closed its connection.
1707242033: Client HumiditySensor closed its connection.
1707242033: Client TemperaturePublisher closed its connection.
1707242033: Client WaterMotor closed its connection.
1707242475: Saving in-memory database to /mosquitto/data//mosquitto.db.
